<?xml version="1.0" encoding="UTF-8"?>
<!-- Generated by org.testng.reporters.JUnitXMLReporter -->
<testsuite hostname="LAPTOP-0A7CUA1B" ignored="0" name="TESTNG test" tests="3" failures="0" timestamp="02 Nov 2017 09:47:30 GMT" time="29.241" errors="0">
  <testcase name="init" time="9.462" classname="com.vmetry.webdrivers.SliderPrac">
    <skipped/>
  </testcase> <!-- init -->
  <testcase name="Slider" time="8.947" classname="com.vmetry.webdrivers.SliderPrac"/>
  <testcase name="AutoComplete" time="10.797" classname="com.vmetry.webdrivers.SliderPrac"/>
</testsuite> <!-- TESTNG test -->
