<?xml version="1.0" encoding="UTF-8"?>
<testng-results skipped="1" failed="0" ignored="0" total="3" passed="2">
  <reporter-output>
  </reporter-output>
  <suite name="TestNG suite" duration-ms="29241" started-at="2017-11-02T09:47:01Z" finished-at="2017-11-02T09:47:30Z">
    <groups>
    </groups>
    <test name="TESTNG test" duration-ms="29241" started-at="2017-11-02T09:47:01Z" finished-at="2017-11-02T09:47:30Z">
      <class name="com.vmetry.webdrivers.SliderPrac">
        <test-method status="SKIP" signature="init()[pri:0, instance:com.vmetry.webdrivers.SliderPrac@5ae9a829]" name="init" duration-ms="9462" started-at="2017-11-02T15:17:01Z" finished-at="2017-11-02T15:17:10Z">
          <exception class="org.testng.SkipException">
            <message>
              <![CDATA[This Testcase is Skipped]]>
            </message>
            <full-stacktrace>
              <![CDATA[org.testng.SkipException: This Testcase is Skipped
	at com.vmetry.webdrivers.SliderPrac.init(SliderPrac.java:30)
	at sun.reflect.NativeMethodAccessorImpl.invoke0(Native Method)
	at sun.reflect.NativeMethodAccessorImpl.invoke(Unknown Source)
	at sun.reflect.DelegatingMethodAccessorImpl.invoke(Unknown Source)
	at java.lang.reflect.Method.invoke(Unknown Source)
	at org.testng.internal.MethodInvocationHelper.invokeMethod(MethodInvocationHelper.java:108)
	at org.testng.internal.Invoker.invokeMethod(Invoker.java:669)
	at org.testng.internal.Invoker.invokeTestMethod(Invoker.java:877)
	at org.testng.internal.Invoker.invokeTestMethods(Invoker.java:1201)
	at org.testng.internal.TestMethodWorker.invokeTestMethods(TestMethodWorker.java:125)
	at org.testng.internal.TestMethodWorker.run(TestMethodWorker.java:109)
	at org.testng.TestRunner.privateRun(TestRunner.java:776)
	at org.testng.TestRunner.run(TestRunner.java:634)
	at org.testng.SuiteRunner.runTest(SuiteRunner.java:425)
	at org.testng.SuiteRunner.runSequentially(SuiteRunner.java:420)
	at org.testng.SuiteRunner.privateRun(SuiteRunner.java:385)
	at org.testng.SuiteRunner.run(SuiteRunner.java:334)
	at org.testng.SuiteRunnerWorker.runSuite(SuiteRunnerWorker.java:52)
	at org.testng.SuiteRunnerWorker.run(SuiteRunnerWorker.java:86)
	at org.testng.TestNG.runSuitesSequentially(TestNG.java:1318)
	at org.testng.TestNG.runSuitesLocally(TestNG.java:1243)
	at org.testng.TestNG.runSuites(TestNG.java:1161)
	at org.testng.TestNG.run(TestNG.java:1129)
	at org.testng.remote.AbstractRemoteTestNG.run(AbstractRemoteTestNG.java:114)
	at org.testng.remote.RemoteTestNG.initAndRun(RemoteTestNG.java:251)
	at org.testng.remote.RemoteTestNG.main(RemoteTestNG.java:77)
]]>
            </full-stacktrace>
          </exception> <!-- org.testng.SkipException -->
          <reporter-output>
          </reporter-output>
        </test-method> <!-- init -->
        <test-method status="PASS" signature="Slider()[pri:1, instance:com.vmetry.webdrivers.SliderPrac@5ae9a829]" name="Slider" duration-ms="8947" started-at="2017-11-02T15:17:10Z" finished-at="2017-11-02T15:17:19Z">
          <reporter-output>
          </reporter-output>
        </test-method> <!-- Slider -->
        <test-method status="PASS" signature="AutoComplete(java.lang.String, java.lang.String, java.lang.String, java.lang.String)[pri:2, instance:com.vmetry.webdrivers.SliderPrac@5ae9a829]" name="AutoComplete" duration-ms="10797" started-at="2017-11-02T15:17:19Z" finished-at="2017-11-02T15:17:30Z">
          <params>
            <param index="0">
              <value>
                <![CDATA[Chrome]]>
              </value>
            </param>
            <param index="1">
              <value>
                <![CDATA[http://jqueryui.com/]]>
              </value>
            </param>
            <param index="2">
              <value>
                <![CDATA[E]]>
              </value>
            </param>
            <param index="3">
              <value>
                <![CDATA[Haskell]]>
              </value>
            </param>
          </params>
          <reporter-output>
          </reporter-output>
        </test-method> <!-- AutoComplete -->
      </class> <!-- com.vmetry.webdrivers.SliderPrac -->
    </test> <!-- TESTNG test -->
  </suite> <!-- TestNG suite -->
</testng-results>
